Started by user Phoi Nguyen
Running as SYSTEM
Building in workspace /var/jenkins_home/workspace/udacity-eCommerce
The recommended git tool is: NONE
using credential bdbc461b-669c-4f04-8a45-f86647f1ecd4
 > git rev-parse --resolve-git-dir /var/jenkins_home/workspace/udacity-eCommerce/.git # timeout=10
Fetching changes from the remote Git repository
 > git config remote.origin.url git@github.com:phoint/Udacity_eCommerce_Application.git # timeout=10
Fetching upstream changes from git@github.com:phoint/Udacity_eCommerce_Application.git
 > git --version # timeout=10
 > git --version # 'git version 2.36.2'
using GIT_SSH to set credentials 
[INFO] Currently running in a labeled security context
 > /usr/bin/chcon --type=ssh_home_t /var/jenkins_home/workspace/udacity-eCommerce@tmp/jenkins-gitclient-ssh14823519394144331021.key
Verifying host key using known hosts file
You're using 'Known hosts file' strategy to verify ssh host keys, but your known_hosts file does not exist, please go to 'Manage Jenkins' -> 'Configure Global Security' -> 'Git Host Key Verification Configuration' and configure host key verification.
 > git fetch --tags --force --progress -- git@github.com:phoint/Udacity_eCommerce_Application.git +refs/heads/*:refs/remotes/origin/* # timeout=10
 > git rev-parse refs/remotes/origin/release^{commit} # timeout=10
Checking out Revision 3e44acd1fd5756b162c5eece4ce790efc8ffc36a (refs/remotes/origin/release)
 > git config core.sparsecheckout # timeout=10
 > git checkout -f 3e44acd1fd5756b162c5eece4ce790efc8ffc36a # timeout=10
Commit message: "Merge pull request #2 from phoint/master"
 > git rev-list --no-walk c5c9028565e58951061743adea085d76f4a39208 # timeout=10
[udacity-eCommerce] $ /var/jenkins_home/tools/hudson.tasks.Maven_MavenInstallation/maven_3.8.5/bin/mvn -f starter_code/pom.xml clean compile package
[INFO] Scanning for projects...
[INFO] 
[INFO] ----------------------< com.example:auth-course >-----------------------
[INFO] Building auth-course 0.0.1-SNAPSHOT
[INFO] --------------------------------[ war ]---------------------------------
[INFO] 
[INFO] --- maven-clean-plugin:3.1.0:clean (default-clean) @ auth-course ---
[INFO] Deleting /var/jenkins_home/workspace/udacity-eCommerce/starter_code/target
[INFO] 
[INFO] --- maven-resources-plugin:3.1.0:resources (default-resources) @ auth-course ---
[INFO] Using 'UTF-8' encoding to copy filtered resources.
[INFO] Copying 1 resource
[INFO] Copying 2 resources
[INFO] 
[INFO] --- maven-compiler-plugin:3.8.1:compile (default-compile) @ auth-course ---
[INFO] Changes detected - recompiling the module!
[INFO] Compiling 20 source files to /var/jenkins_home/workspace/udacity-eCommerce/starter_code/target/classes
[WARNING] /var/jenkins_home/workspace/udacity-eCommerce/starter_code/src/main/java/com/example/demo/security/JWTAuthenticationVerificationFilter.java:[10,25] sun.security.util.SecurityConstants is internal proprietary API and may be removed in a future release
[INFO] 
[INFO] --- maven-resources-plugin:3.1.0:resources (default-resources) @ auth-course ---
[INFO] Using 'UTF-8' encoding to copy filtered resources.
[INFO] Copying 1 resource
[INFO] Copying 2 resources
[INFO] 
[INFO] --- maven-compiler-plugin:3.8.1:compile (default-compile) @ auth-course ---
[INFO] Changes detected - recompiling the module!
[INFO] Compiling 20 source files to /var/jenkins_home/workspace/udacity-eCommerce/starter_code/target/classes
[WARNING] /var/jenkins_home/workspace/udacity-eCommerce/starter_code/src/main/java/com/example/demo/security/JWTAuthenticationVerificationFilter.java:[10,25] sun.security.util.SecurityConstants is internal proprietary API and may be removed in a future release
[INFO] 
[INFO] --- maven-resources-plugin:3.1.0:testResources (default-testResources) @ auth-course ---
[INFO] Using 'UTF-8' encoding to copy filtered resources.
[INFO] skip non existing resourceDirectory /var/jenkins_home/workspace/udacity-eCommerce/starter_code/src/test/resources
[INFO] 
[INFO] --- maven-compiler-plugin:3.8.1:testCompile (default-testCompile) @ auth-course ---
[INFO] Changes detected - recompiling the module!
[INFO] Compiling 6 source files to /var/jenkins_home/workspace/udacity-eCommerce/starter_code/target/test-classes
[INFO] /var/jenkins_home/workspace/udacity-eCommerce/starter_code/src/test/java/com/example/demo/TestUtils.java: /var/jenkins_home/workspace/udacity-eCommerce/starter_code/src/test/java/com/example/demo/TestUtils.java uses or overrides a deprecated API.
[INFO] /var/jenkins_home/workspace/udacity-eCommerce/starter_code/src/test/java/com/example/demo/TestUtils.java: Recompile with -Xlint:deprecation for details.
[INFO] 
[INFO] --- maven-surefire-plugin:2.22.2:test (default-test) @ auth-course ---
[INFO] 
[INFO] -------------------------------------------------------
[INFO]  T E S T S
[INFO] -------------------------------------------------------
[INFO] Running com.example.demo.SareetaApplicationTests
04:58:18.636 [main] DEBUG org.springframework.test.context.junit4.SpringJUnit4ClassRunner - SpringJUnit4ClassRunner constructor called with [class com.example.demo.SareetaApplicationTests]
04:58:18.661 [main] DEBUG org.springframework.test.context.BootstrapUtils - Instantiating CacheAwareContextLoaderDelegate from class [org.springframework.test.context.cache.DefaultCacheAwareContextLoaderDelegate]
04:58:18.751 [main] INFO org.springframework.core.KotlinDetector - Kotlin reflection implementation not found at runtime, related features won't be available.
04:58:18.780 [main] DEBUG org.springframework.test.context.BootstrapUtils - Instantiating BootstrapContext using constructor [public org.springframework.test.context.support.DefaultBootstrapContext(java.lang.Class,org.springframework.test.context.CacheAwareContextLoaderDelegate)]
04:58:18.876 [main] DEBUG org.springframework.test.context.BootstrapUtils - Instantiating TestContextBootstrapper for test class [com.example.demo.SareetaApplicationTests] from class [org.springframework.boot.test.context.SpringBootTestContextBootstrapper]
04:58:18.936 [main] INFO org.springframework.boot.test.context.SpringBootTestContextBootstrapper - Neither @ContextConfiguration nor @ContextHierarchy found for test class [com.example.demo.SareetaApplicationTests], using SpringBootContextLoader
04:58:18.958 [main] DEBUG org.springframework.test.context.support.AbstractContextLoader - Did not detect default resource location for test class [com.example.demo.SareetaApplicationTests]: class path resource [com/example/demo/SareetaApplicationTests-context.xml] does not exist
04:58:18.959 [main] DEBUG org.springframework.test.context.support.AbstractContextLoader - Did not detect default resource location for test class [com.example.demo.SareetaApplicationTests]: class path resource [com/example/demo/SareetaApplicationTestsContext.groovy] does not exist
04:58:18.960 [main] INFO org.springframework.test.context.support.AbstractContextLoader - Could not detect default resource locations for test class [com.example.demo.SareetaApplicationTests]: no resource found for suffixes {-context.xml, Context.groovy}.
04:58:19.012 [main] INFO org.springframework.test.context.support.AnnotationConfigContextLoaderUtils - Could not detect default configuration classes for test class [com.example.demo.SareetaApplicationTests]: SareetaApplicationTests does not declare any static, non-private, non-final, nested classes annotated with @Configuration.
04:58:19.451 [main] DEBUG org.springframework.test.context.support.ActiveProfilesUtils - Could not find an 'annotation declaring class' for annotation type [org.springframework.test.context.ActiveProfiles] and class [com.example.demo.SareetaApplicationTests]
04:58:20.008 [main] DEBUG org.springframework.context.annotation.ClassPathScanningCandidateComponentProvider - Identified candidate component class: file [/var/jenkins_home/workspace/udacity-eCommerce/starter_code/target/classes/com/example/demo/SareetaApplication.class]
04:58:20.009 [main] INFO org.springframework.boot.test.context.SpringBootTestContextBootstrapper - Found @SpringBootConfiguration com.example.demo.SareetaApplication for test class com.example.demo.SareetaApplicationTests
04:58:20.715 [main] DEBUG org.springframework.boot.test.context.SpringBootTestContextBootstrapper - @TestExecutionListeners is not present for class [com.example.demo.SareetaApplicationTests]: using defaults.
04:58:20.717 [main] INFO org.springframework.boot.test.context.SpringBootTestContextBootstrapper - Loaded default TestExecutionListener class names from location [META-INF/spring.factories]: [org.springframework.boot.test.mock.mockito.MockitoTestExecutionListener, org.springframework.boot.test.mock.mockito.ResetMocksTestExecutionListener, org.springframework.boot.test.autoconfigure.restdocs.RestDocsTestExecutionListener, org.springframework.boot.test.autoconfigure.web.client.MockRestServiceServerResetTestExecutionListener, org.springframework.boot.test.autoconfigure.web.servlet.MockMvcPrintOnlyOnFailureTestExecutionListener, org.springframework.boot.test.autoconfigure.web.servlet.WebDriverTestExecutionListener, org.springframework.test.context.web.ServletTestExecutionListener, org.springframework.test.context.support.DirtiesContextBeforeModesTestExecutionListener, org.springframework.test.context.support.DependencyInjectionTestExecutionListener, org.springframework.test.context.support.DirtiesContextTestExecutionListener, org.springframework.test.context.transaction.TransactionalTestExecutionListener, org.springframework.test.context.jdbc.SqlScriptsTestExecutionListener]
04:58:20.938 [main] INFO org.springframework.boot.test.context.SpringBootTestContextBootstrapper - Using TestExecutionListeners: [org.springframework.test.context.web.ServletTestExecutionListener@55cf0d14, org.springframework.test.context.support.DirtiesContextBeforeModesTestExecutionListener@3b74ac8, org.springframework.boot.test.mock.mockito.MockitoTestExecutionListener@27adc16e, org.springframework.boot.test.autoconfigure.SpringBootDependencyInjectionTestExecutionListener@b83a9be, org.springframework.test.context.support.DirtiesContextTestExecutionListener@2609b277, org.springframework.test.context.transaction.TransactionalTestExecutionListener@1fd14d74, org.springframework.test.context.jdbc.SqlScriptsTestExecutionListener@563e4951, org.springframework.boot.test.mock.mockito.ResetMocksTestExecutionListener@4066c471, org.springframework.boot.test.autoconfigure.restdocs.RestDocsTestExecutionListener@2b175c00, org.springframework.boot.test.autoconfigure.web.client.MockRestServiceServerResetTestExecutionListener@3eb81efb, org.springframework.boot.test.autoconfigure.web.servlet.MockMvcPrintOnlyOnFailureTestExecutionListener@1ae8bcbc, org.springframework.boot.test.autoconfigure.web.servlet.WebDriverTestExecutionListener@6cdba6dc]
04:58:20.941 [main] DEBUG org.springframework.test.annotation.ProfileValueUtils - Retrieved @ProfileValueSourceConfiguration [null] for test class [com.example.demo.SareetaApplicationTests]
04:58:20.942 [main] DEBUG org.springframework.test.annotation.ProfileValueUtils - Retrieved ProfileValueSource type [class org.springframework.test.annotation.SystemProfileValueSource] for class [com.example.demo.SareetaApplicationTests]
04:58:20.943 [main] DEBUG org.springframework.test.annotation.ProfileValueUtils - Retrieved @ProfileValueSourceConfiguration [null] for test class [com.example.demo.SareetaApplicationTests]
04:58:20.944 [main] DEBUG org.springframework.test.annotation.ProfileValueUtils - Retrieved ProfileValueSource type [class org.springframework.test.annotation.SystemProfileValueSource] for class [com.example.demo.SareetaApplicationTests]
04:58:20.944 [main] DEBUG org.springframework.test.annotation.ProfileValueUtils - Retrieved @ProfileValueSourceConfiguration [null] for test class [com.example.demo.SareetaApplicationTests]
04:58:20.944 [main] DEBUG org.springframework.test.annotation.ProfileValueUtils - Retrieved ProfileValueSource type [class org.springframework.test.annotation.SystemProfileValueSource] for class [com.example.demo.SareetaApplicationTests]
04:58:20.975 [main] DEBUG org.springframework.test.context.support.AbstractDirtiesContextTestExecutionListener - Before test class: context [DefaultTestContext@1672fe87 testClass = SareetaApplicationTests, testInstance = [null], testMethod = [null], testException = [null], mergedContextConfiguration = [WebMergedContextConfiguration@5026735c testClass = SareetaApplicationTests, locations = '{}', classes = '{class com.example.demo.SareetaApplication}', contextInitializerClasses = '[]', activeProfiles = '{}', propertySourceLocations = '{}', propertySourceProperties = '{org.springframework.boot.test.context.SpringBootTestContextBootstrapper=true}', contextCustomizers = set[org.springframework.boot.test.context.filter.ExcludeFilterContextCustomizer@50caa560, org.springframework.boot.test.json.DuplicateJsonObjectContextCustomizerFactory$DuplicateJsonObjectContextCustomizer@186f8716, org.springframework.boot.test.mock.mockito.MockitoContextCustomizer@0, org.springframework.boot.test.web.client.TestRestTemplateContextCustomizer@41c2284a, org.springframework.boot.test.autoconfigure.properties.PropertyMappingContextCustomizer@0, org.springframework.boot.test.autoconfigure.web.servlet.WebDriverContextCustomizerFactory$Customizer@355ce81c], resourceBasePath = 'src/main/webapp', contextLoader = 'org.springframework.boot.test.context.SpringBootContextLoader', parent = [null]], attributes = map['org.springframework.test.context.web.ServletTestExecutionListener.activateListener' -> true]], class annotated with @DirtiesContext [false] with mode [null].
04:58:20.976 [main] DEBUG org.springframework.test.annotation.ProfileValueUtils - Retrieved @ProfileValueSourceConfiguration [null] for test class [com.example.demo.SareetaApplicationTests]
04:58:20.976 [main] DEBUG org.springframework.test.annotation.ProfileValueUtils - Retrieved ProfileValueSource type [class org.springframework.test.annotation.SystemProfileValueSource] for class [com.example.demo.SareetaApplicationTests]
04:58:21.107 [main] DEBUG org.springframework.test.context.support.TestPropertySourceUtils - Adding inlined properties to environment: {spring.jmx.enabled=false, org.springframework.boot.test.context.SpringBootTestContextBootstrapper=true, server.port=-1}

  .   ____          _            __ _ _
 /\\ / ___'_ __ _ _(_)_ __  __ _ \ \ \ \
( ( )\___ | '_ | '_| | '_ \/ _` | \ \ \ \
 \\/  ___)| |_)| | | | | || (_| |  ) ) ) )
  '  |____| .__|_| |_|_| |_\__, | / / / /
 =========|_|==============|___/=/_/_/_/
 :: Spring Boot ::        (v2.1.5.RELEASE)

2023-10-01 04:58:28,163 INFO  [main] o.s.b.StartupInfoLogger: Starting SareetaApplicationTests on 93466bc64740 with PID 3035 (started by root in /var/jenkins_home/workspace/udacity-eCommerce/starter_code)
2023-10-01 04:58:28,394 INFO  [main] o.s.b.SpringApplication: No active profile set, falling back to default profiles: default
2023-10-01 04:58:32,571 INFO  [main] o.s.d.r.c.RepositoryConfigurationDelegate: Bootstrapping Spring Data repositories in DEFAULT mode.
2023-10-01 04:58:33,414 INFO  [main] o.s.d.r.c.RepositoryConfigurationDelegate: Finished Spring Data repository scanning in 581ms. Found 4 repository interfaces.
2023-10-01 04:58:37,063 INFO  [main] o.s.c.s.PostProcessorRegistrationDelegate$BeanPostProcessorChecker: Bean 'org.springframework.transaction.annotation.ProxyTransactionManagementConfiguration' of type [org.springframework.transaction.annotation.ProxyTransactionManagementConfiguration$$EnhancerBySpringCGLIB$$344ac71b] is not eligible for getting processed by all BeanPostProcessors (for example: not eligible for auto-proxying)
2023-10-01 04:58:38,660 INFO  [main] c.z.h.HikariDataSource: HikariPool-1 - Starting...
2023-10-01 04:58:40,584 INFO  [main] c.z.h.HikariDataSource: HikariPool-1 - Start completed.
2023-10-01 04:58:41,777 INFO  [main] o.h.j.i.u.LogHelper: HHH000204: Processing PersistenceUnitInfo [
	name: default
	...]
2023-10-01 04:58:43,063 INFO  [main] o.h.Version: HHH000412: Hibernate Core {5.3.10.Final}
2023-10-01 04:58:43,167 INFO  [main] o.h.c.Environment: HHH000206: hibernate.properties not found
2023-10-01 04:58:44,249 INFO  [main] o.h.a.c.r.j.JavaReflectionManager: HCANN000001: Hibernate Commons Annotations {5.0.4.Final}
2023-10-01 04:58:45,039 INFO  [main] o.h.d.Dialect: HHH000400: Using dialect: org.hibernate.dialect.H2Dialect
Hibernate: create table cart (id bigint generated by default as identity, total decimal(19,2), primary key (id))
Hibernate: create table cart_items (cart_id bigint not null, items_id bigint not null)
Hibernate: create table item (id bigint generated by default as identity, description varchar(255) not null, name varchar(255) not null, price decimal(19,2) not null, primary key (id))
Hibernate: create table user (id bigint generated by default as identity, password varchar(255) not null, username varchar(255) not null, cart_id bigint, primary key (id))
Hibernate: create table user_order (id bigint generated by default as identity, total decimal(19,2), user_id bigint not null, primary key (id))
Hibernate: create table user_order_items (user_order_id bigint not null, items_id bigint not null)
Hibernate: alter table user drop constraint if exists UK_sb8bbouer5wak8vyiiy4pf2bx
Hibernate: alter table user add constraint UK_sb8bbouer5wak8vyiiy4pf2bx unique (username)
Hibernate: alter table cart_items add constraint FKbgmrxyvqs3kxt1im75fde3psy foreign key (items_id) references item
Hibernate: alter table cart_items add constraint FK99e0am9jpriwxcm6is7xfedy3 foreign key (cart_id) references cart
Hibernate: alter table user add constraint FKtqa69bib34k2c0jhe7afqsao6 foreign key (cart_id) references cart
Hibernate: alter table user_order add constraint FKj86u1x7csa8yd68ql2y1ibrou foreign key (user_id) references user
Hibernate: alter table user_order_items add constraint FKghpu6f1jrpho0deyeltq47u2u foreign key (items_id) references item
Hibernate: alter table user_order_items add constraint FKt6k533isn84ef898d6sln1xna foreign key (user_order_id) references user_order
2023-10-01 04:58:48,561 INFO  [main] o.s.o.j.AbstractEntityManagerFactoryBean: Initialized JPA EntityManagerFactory for persistence unit 'default'
2023-10-01 04:58:53,295 INFO  [main] o.s.s.w.DefaultSecurityFilterChain: Creating filter chain: any request, [org.springframework.security.web.context.request.async.WebAsyncManagerIntegrationFilter@f8fe81e, org.springframework.security.web.context.SecurityContextPersistenceFilter@4d91d2da, org.springframework.security.web.header.HeaderWriterFilter@1e160a9e, org.springframework.web.filter.CorsFilter@6ad0cd43, org.springframework.security.web.authentication.logout.LogoutFilter@7533923b, com.example.demo.security.JWTAuthenticationFilter@7de43652, com.example.demo.security.JWTAuthenticationVerificationFilter@7fe0ca60, org.springframework.security.web.savedrequest.RequestCacheAwareFilter@2d1f3639, org.springframework.security.web.servletapi.SecurityContextHolderAwareRequestFilter@7ce760af, org.springframework.security.web.authentication.AnonymousAuthenticationFilter@fdf029a, org.springframework.security.web.session.SessionManagementFilter@9c5d76b, org.springframework.security.web.access.ExceptionTranslationFilter@e0d9e3f, org.springframework.security.web.access.intercept.FilterSecurityInterceptor@76cbee13]
2023-10-01 04:58:56,821 INFO  [main] o.s.s.c.ExecutorConfigurationSupport: Initializing ExecutorService 'applicationTaskExecutor'
2023-10-01 04:58:57,328 WARN  [main] o.s.b.a.o.j.JpaBaseConfiguration$JpaWebConfiguration$JpaWebMvcConfiguration: spring.jpa.open-in-view is enabled by default. Therefore, database queries may be performed during view rendering. Explicitly configure spring.jpa.open-in-view to disable this warning
2023-10-01 04:58:59,867 INFO  [main] o.s.b.StartupInfoLogger: Started SareetaApplicationTests in 38.667 seconds (JVM running for 45.177)
[INFO] Tests run: 1, Failures: 0, Errors: 0, Skipped: 0, Time elapsed: 43.52 s - in com.example.demo.SareetaApplicationTests
[INFO] Running com.example.demo.controllers.OrderControllerTest
2023-10-01 04:59:00,954 INFO  [main] o.s.t.c.s.AbstractTestContextBootstrapper: Neither @ContextConfiguration nor @ContextHierarchy found for test class [com.example.demo.controllers.OrderControllerTest], using SpringBootContextLoader
2023-10-01 04:59:01,067 INFO  [main] o.s.t.c.s.AbstractContextLoader: Could not detect default resource locations for test class [com.example.demo.controllers.OrderControllerTest]: no resource found for suffixes {-context.xml, Context.groovy}.
2023-10-01 04:59:01,169 INFO  [main] o.s.t.c.s.AnnotationConfigContextLoaderUtils: Could not detect default configuration classes for test class [com.example.demo.controllers.OrderControllerTest]: OrderControllerTest does not declare any static, non-private, non-final, nested classes annotated with @Configuration.
2023-10-01 04:59:01,339 INFO  [main] o.s.b.t.c.SpringBootTestContextBootstrapper: Found @SpringBootConfiguration com.example.demo.SareetaApplication for test class com.example.demo.controllers.OrderControllerTest
2023-10-01 04:59:01,450 INFO  [main] o.s.t.c.s.AbstractTestContextBootstrapper: Loaded default TestExecutionListener class names from location [META-INF/spring.factories]: [org.springframework.boot.test.mock.mockito.MockitoTestExecutionListener, org.springframework.boot.test.mock.mockito.ResetMocksTestExecutionListener, org.springframework.boot.test.autoconfigure.restdocs.RestDocsTestExecutionListener, org.springframework.boot.test.autoconfigure.web.client.MockRestServiceServerResetTestExecutionListener, org.springframework.boot.test.autoconfigure.web.servlet.MockMvcPrintOnlyOnFailureTestExecutionListener, org.springframework.boot.test.autoconfigure.web.servlet.WebDriverTestExecutionListener, org.springframework.test.context.web.ServletTestExecutionListener, org.springframework.test.context.support.DirtiesContextBeforeModesTestExecutionListener, org.springframework.test.context.support.DependencyInjectionTestExecutionListener, org.springframework.test.context.support.DirtiesContextTestExecutionListener, org.springframework.test.context.transaction.TransactionalTestExecutionListener, org.springframework.test.context.jdbc.SqlScriptsTestExecutionListener]
2023-10-01 04:59:01,584 INFO  [main] o.s.t.c.s.AbstractTestContextBootstrapper: Using TestExecutionListeners: [org.springframework.test.context.web.ServletTestExecutionListener@1259b2a5, org.springframework.test.context.support.DirtiesContextBeforeModesTestExecutionListener@6779af40, org.springframework.boot.test.mock.mockito.MockitoTestExecutionListener@7cf166db, org.springframework.boot.test.autoconfigure.SpringBootDependencyInjectionTestExecutionListener@68303aad, org.springframework.test.context.support.DirtiesContextTestExecutionListener@37a36194, org.springframework.test.context.transaction.TransactionalTestExecutionListener@1d0acb8f, org.springframework.test.context.jdbc.SqlScriptsTestExecutionListener@6abaa14b, org.springframework.boot.test.mock.mockito.ResetMocksTestExecutionListener@3b60be3, org.springframework.boot.test.autoconfigure.restdocs.RestDocsTestExecutionListener@2f3565c0, org.springframework.boot.test.autoconfigure.web.client.MockRestServiceServerResetTestExecutionListener@64a8851a, org.springframework.boot.test.autoconfigure.web.servlet.MockMvcPrintOnlyOnFailureTestExecutionListener@5b27d03d, org.springframework.boot.test.autoconfigure.web.servlet.WebDriverTestExecutionListener@687d31a9]
2023-10-01 04:59:05,015 INFO  [main] c.e.d.c.OrderController: OrderController:submit - execution started..
2023-10-01 04:59:05,217 INFO  [main] c.e.d.c.OrderController: OrderController:submit - request phoint
2023-10-01 04:59:05,422 INFO  [main] c.e.d.c.OrderController: OrderController:submit - response null
2023-10-01 04:59:05,660 INFO  [main] c.e.d.c.OrderController: OrderController:submit - execution started..
2023-10-01 04:59:05,866 INFO  [main] c.e.d.c.OrderController: OrderController:submit - request phoint
2023-10-01 04:59:06,069 ERROR [main] c.e.d.c.OrderController: OrderController:submit - user not found
[INFO] Tests run: 4, Failures: 0, Errors: 0, Skipped: 0, Time elapsed: 5.113 s - in com.example.demo.controllers.OrderControllerTest
[INFO] Running com.example.demo.controllers.CartControllerTest
2023-10-01 04:59:06,386 INFO  [main] o.s.t.c.s.AbstractTestContextBootstrapper: Neither @ContextConfiguration nor @ContextHierarchy found for test class [com.example.demo.controllers.CartControllerTest], using SpringBootContextLoader
2023-10-01 04:59:06,490 INFO  [main] o.s.t.c.s.AbstractContextLoader: Could not detect default resource locations for test class [com.example.demo.controllers.CartControllerTest]: no resource found for suffixes {-context.xml, Context.groovy}.
2023-10-01 04:59:06,616 INFO  [main] o.s.t.c.s.AnnotationConfigContextLoaderUtils: Could not detect default configuration classes for test class [com.example.demo.controllers.CartControllerTest]: CartControllerTest does not declare any static, non-private, non-final, nested classes annotated with @Configuration.
2023-10-01 04:59:06,721 INFO  [main] o.s.b.t.c.SpringBootTestContextBootstrapper: Found @SpringBootConfiguration com.example.demo.SareetaApplication for test class com.example.demo.controllers.CartControllerTest
2023-10-01 04:59:06,827 INFO  [main] o.s.t.c.s.AbstractTestContextBootstrapper: Loaded default TestExecutionListener class names from location [META-INF/spring.factories]: [org.springframework.boot.test.mock.mockito.MockitoTestExecutionListener, org.springframework.boot.test.mock.mockito.ResetMocksTestExecutionListener, org.springframework.boot.test.autoconfigure.restdocs.RestDocsTestExecutionListener, org.springframework.boot.test.autoconfigure.web.client.MockRestServiceServerResetTestExecutionListener, org.springframework.boot.test.autoconfigure.web.servlet.MockMvcPrintOnlyOnFailureTestExecutionListener, org.springframework.boot.test.autoconfigure.web.servlet.WebDriverTestExecutionListener, org.springframework.test.context.web.ServletTestExecutionListener, org.springframework.test.context.support.DirtiesContextBeforeModesTestExecutionListener, org.springframework.test.context.support.DependencyInjectionTestExecutionListener, org.springframework.test.context.support.DirtiesContextTestExecutionListener, org.springframework.test.context.transaction.TransactionalTestExecutionListener, org.springframework.test.context.jdbc.SqlScriptsTestExecutionListener]
2023-10-01 04:59:06,928 INFO  [main] o.s.t.c.s.AbstractTestContextBootstrapper: Using TestExecutionListeners: [org.springframework.test.context.web.ServletTestExecutionListener@768967cf, org.springframework.test.context.support.DirtiesContextBeforeModesTestExecutionListener@116fe252, org.springframework.boot.test.mock.mockito.MockitoTestExecutionListener@7b8b755d, org.springframework.boot.test.autoconfigure.SpringBootDependencyInjectionTestExecutionListener@3bd5dff5, org.springframework.test.context.support.DirtiesContextTestExecutionListener@6df605f, org.springframework.test.context.transaction.TransactionalTestExecutionListener@68cc6fa4, org.springframework.test.context.jdbc.SqlScriptsTestExecutionListener@484dde7d, org.springframework.boot.test.mock.mockito.ResetMocksTestExecutionListener@5d729af6, org.springframework.boot.test.autoconfigure.restdocs.RestDocsTestExecutionListener@2052c49f, org.springframework.boot.test.autoconfigure.web.client.MockRestServiceServerResetTestExecutionListener@2be83e7e, org.springframework.boot.test.autoconfigure.web.servlet.MockMvcPrintOnlyOnFailureTestExecutionListener@df0b348, org.springframework.boot.test.autoconfigure.web.servlet.WebDriverTestExecutionListener@441c2d2a]
2023-10-01 04:59:07,186 INFO  [main] c.e.d.c.CartController: CartController:addTocart - execution started..
2023-10-01 04:59:07,388 INFO  [main] c.e.d.c.CartController: CartController:addTocart - request com.example.demo.model.requests.ModifyCartRequest@77228160
2023-10-01 04:59:07,603 INFO  [main] c.e.d.c.CartController: CartController:addTocart - item 10 not found
2023-10-01 04:59:07,819 INFO  [main] c.e.d.c.CartController: CartController:addTocart - execution started..
2023-10-01 04:59:08,021 INFO  [main] c.e.d.c.CartController: CartController:addTocart - request com.example.demo.model.requests.ModifyCartRequest@6adc90e9
2023-10-01 04:59:08,224 INFO  [main] c.e.d.c.CartController: CartController:addTocart - user phoint not found
2023-10-01 04:59:08,436 INFO  [main] c.e.d.c.CartController: CartController:addTocart - execution started..
2023-10-01 04:59:08,638 INFO  [main] c.e.d.c.CartController: CartController:addTocart - request com.example.demo.model.requests.ModifyCartRequest@3c592c0c
2023-10-01 04:59:08,843 INFO  [main] c.e.d.c.CartController: CartController:addTocart - added item Optional[com.example.demo.model.persistence.Item@29]
2023-10-01 04:59:09,054 INFO  [main] c.e.d.c.CartController: CartController:addTocart - execution started..
2023-10-01 04:59:09,255 INFO  [main] c.e.d.c.CartController: CartController:addTocart - request com.example.demo.model.requests.ModifyCartRequest@4b094115
2023-10-01 04:59:09,458 INFO  [main] c.e.d.c.CartController: CartController:addTocart - item 10 not found
2023-10-01 04:59:09,741 INFO  [main] c.e.d.c.CartController: CartController:addTocart - execution started..
2023-10-01 04:59:09,973 INFO  [main] c.e.d.c.CartController: CartController:addTocart - request com.example.demo.model.requests.ModifyCartRequest@5581e273
2023-10-01 04:59:10,176 INFO  [main] c.e.d.c.CartController: CartController:addTocart - user phoint not found
2023-10-01 04:59:10,389 INFO  [main] c.e.d.c.CartController: CartController:addTocart - execution started..
2023-10-01 04:59:10,610 INFO  [main] c.e.d.c.CartController: CartController:addTocart - request com.example.demo.model.requests.ModifyCartRequest@1695f7cb
2023-10-01 04:59:10,812 INFO  [main] c.e.d.c.CartController: CartController:addTocart - removed item Optional[com.example.demo.model.persistence.Item@29]
[INFO] Tests run: 6, Failures: 0, Errors: 0, Skipped: 0, Time elapsed: 4.676 s - in com.example.demo.controllers.CartControllerTest
[INFO] Running com.example.demo.controllers.ItemControllerTest
2023-10-01 04:59:11,055 INFO  [main] o.s.t.c.s.AbstractTestContextBootstrapper: Neither @ContextConfiguration nor @ContextHierarchy found for test class [com.example.demo.controllers.ItemControllerTest], using SpringBootContextLoader
2023-10-01 04:59:11,170 INFO  [main] o.s.t.c.s.AbstractContextLoader: Could not detect default resource locations for test class [com.example.demo.controllers.ItemControllerTest]: no resource found for suffixes {-context.xml, Context.groovy}.
2023-10-01 04:59:11,271 INFO  [main] o.s.t.c.s.AnnotationConfigContextLoaderUtils: Could not detect default configuration classes for test class [com.example.demo.controllers.ItemControllerTest]: ItemControllerTest does not declare any static, non-private, non-final, nested classes annotated with @Configuration.
2023-10-01 04:59:11,374 INFO  [main] o.s.b.t.c.SpringBootTestContextBootstrapper: Found @SpringBootConfiguration com.example.demo.SareetaApplication for test class com.example.demo.controllers.ItemControllerTest
2023-10-01 04:59:11,479 INFO  [main] o.s.t.c.s.AbstractTestContextBootstrapper: Loaded default TestExecutionListener class names from location [META-INF/spring.factories]: [org.springframework.boot.test.mock.mockito.MockitoTestExecutionListener, org.springframework.boot.test.mock.mockito.ResetMocksTestExecutionListener, org.springframework.boot.test.autoconfigure.restdocs.RestDocsTestExecutionListener, org.springframework.boot.test.autoconfigure.web.client.MockRestServiceServerResetTestExecutionListener, org.springframework.boot.test.autoconfigure.web.servlet.MockMvcPrintOnlyOnFailureTestExecutionListener, org.springframework.boot.test.autoconfigure.web.servlet.WebDriverTestExecutionListener, org.springframework.test.context.web.ServletTestExecutionListener, org.springframework.test.context.support.DirtiesContextBeforeModesTestExecutionListener, org.springframework.test.context.support.DependencyInjectionTestExecutionListener, org.springframework.test.context.support.DirtiesContextTestExecutionListener, org.springframework.test.context.transaction.TransactionalTestExecutionListener, org.springframework.test.context.jdbc.SqlScriptsTestExecutionListener]
2023-10-01 04:59:11,580 INFO  [main] o.s.t.c.s.AbstractTestContextBootstrapper: Using TestExecutionListeners: [org.springframework.test.context.web.ServletTestExecutionListener@5e1d3188, org.springframework.test.context.support.DirtiesContextBeforeModesTestExecutionListener@5982255e, org.springframework.boot.test.mock.mockito.MockitoTestExecutionListener@7306836f, org.springframework.boot.test.autoconfigure.SpringBootDependencyInjectionTestExecutionListener@e9c5db9, org.springframework.test.context.support.DirtiesContextTestExecutionListener@393aac93, org.springframework.test.context.transaction.TransactionalTestExecutionListener@71dac63f, org.springframework.test.context.jdbc.SqlScriptsTestExecutionListener@36003e90, org.springframework.boot.test.mock.mockito.ResetMocksTestExecutionListener@5a1ddc7c, org.springframework.boot.test.autoconfigure.restdocs.RestDocsTestExecutionListener@362fbd98, org.springframework.boot.test.autoconfigure.web.client.MockRestServiceServerResetTestExecutionListener@11e36e5c, org.springframework.boot.test.autoconfigure.web.servlet.MockMvcPrintOnlyOnFailureTestExecutionListener@2620264e, org.springframework.boot.test.autoconfigure.web.servlet.WebDriverTestExecutionListener@126ae0ca]
[INFO] Tests run: 3, Failures: 0, Errors: 0, Skipped: 0, Time elapsed: 0.652 s - in com.example.demo.controllers.ItemControllerTest
[INFO] Running com.example.demo.controllers.UserControllerTest
2023-10-01 04:59:11,758 INFO  [main] o.s.t.c.s.AbstractTestContextBootstrapper: Neither @ContextConfiguration nor @ContextHierarchy found for test class [com.example.demo.controllers.UserControllerTest], using SpringBootContextLoader
2023-10-01 04:59:11,863 INFO  [main] o.s.t.c.s.AbstractContextLoader: Could not detect default resource locations for test class [com.example.demo.controllers.UserControllerTest]: no resource found for suffixes {-context.xml, Context.groovy}.
2023-10-01 04:59:11,967 INFO  [main] o.s.t.c.s.AnnotationConfigContextLoaderUtils: Could not detect default configuration classes for test class [com.example.demo.controllers.UserControllerTest]: UserControllerTest does not declare any static, non-private, non-final, nested classes annotated with @Configuration.
2023-10-01 04:59:12,071 INFO  [main] o.s.b.t.c.SpringBootTestContextBootstrapper: Found @SpringBootConfiguration com.example.demo.SareetaApplication for test class com.example.demo.controllers.UserControllerTest
2023-10-01 04:59:12,175 INFO  [main] o.s.t.c.s.AbstractTestContextBootstrapper: Loaded default TestExecutionListener class names from location [META-INF/spring.factories]: [org.springframework.boot.test.mock.mockito.MockitoTestExecutionListener, org.springframework.boot.test.mock.mockito.ResetMocksTestExecutionListener, org.springframework.boot.test.autoconfigure.restdocs.RestDocsTestExecutionListener, org.springframework.boot.test.autoconfigure.web.client.MockRestServiceServerResetTestExecutionListener, org.springframework.boot.test.autoconfigure.web.servlet.MockMvcPrintOnlyOnFailureTestExecutionListener, org.springframework.boot.test.autoconfigure.web.servlet.WebDriverTestExecutionListener, org.springframework.test.context.web.ServletTestExecutionListener, org.springframework.test.context.support.DirtiesContextBeforeModesTestExecutionListener, org.springframework.test.context.support.DependencyInjectionTestExecutionListener, org.springframework.test.context.support.DirtiesContextTestExecutionListener, org.springframework.test.context.transaction.TransactionalTestExecutionListener, org.springframework.test.context.jdbc.SqlScriptsTestExecutionListener]
2023-10-01 04:59:12,278 INFO  [main] o.s.t.c.s.AbstractTestContextBootstrapper: Using TestExecutionListeners: [org.springframework.test.context.web.ServletTestExecutionListener@2972b493, org.springframework.test.context.support.DirtiesContextBeforeModesTestExecutionListener@58e0f079, org.springframework.boot.test.mock.mockito.MockitoTestExecutionListener@45b37003, org.springframework.boot.test.autoconfigure.SpringBootDependencyInjectionTestExecutionListener@3e60be48, org.springframework.test.context.support.DirtiesContextTestExecutionListener@20a533b, org.springframework.test.context.transaction.TransactionalTestExecutionListener@5db6083b, org.springframework.test.context.jdbc.SqlScriptsTestExecutionListener@3db48e6, org.springframework.boot.test.mock.mockito.ResetMocksTestExecutionListener@38f2342b, org.springframework.boot.test.autoconfigure.restdocs.RestDocsTestExecutionListener@68312b85, org.springframework.boot.test.autoconfigure.web.client.MockRestServiceServerResetTestExecutionListener@5ab0168, org.springframework.boot.test.autoconfigure.web.servlet.MockMvcPrintOnlyOnFailureTestExecutionListener@5c6ee543, org.springframework.boot.test.autoconfigure.web.servlet.WebDriverTestExecutionListener@7594d189]
2023-10-01 04:59:12,506 INFO  [main] c.e.d.c.UserController: UserController:createUser - execution started..
2023-10-01 04:59:12,709 INFO  [main] c.e.d.c.UserController: UserController:createUser - request payload null
2023-10-01 04:59:12,912 INFO  [main] c.e.d.c.UserController: UserController:createUser - creating user's cart
2023-10-01 04:59:13,114 ERROR [main] c.e.d.c.UserController: UserController:createUser - Error with user password. Can't create user Phoint
2023-10-01 04:59:13,364 INFO  [main] c.e.d.c.UserController: UserController:createUser - execution started..
2023-10-01 04:59:13,570 INFO  [main] c.e.d.c.UserController: UserController:createUser - request payload null
2023-10-01 04:59:13,773 INFO  [main] c.e.d.c.UserController: UserController:createUser - creating user's cart
2023-10-01 04:59:13,979 ERROR [main] c.e.d.c.UserController: UserController:createUser - Error with user password. Can't create user Phoint
2023-10-01 04:59:14,193 INFO  [main] c.e.d.c.UserController: UserController:createUser - execution started..
2023-10-01 04:59:14,395 INFO  [main] c.e.d.c.UserController: UserController:createUser - request payload null
2023-10-01 04:59:14,597 INFO  [main] c.e.d.c.UserController: UserController:createUser - creating user's cart
2023-10-01 04:59:14,799 INFO  [main] c.e.d.c.UserController: UserController:createUser - response null
2023-10-01 04:59:14,999 INFO  [main] c.e.d.c.UserController: UserController:createUser - execution completed..
[INFO] Tests run: 7, Failures: 0, Errors: 0, Skipped: 0, Time elapsed: 3.428 s - in com.example.demo.controllers.UserControllerTest
2023-10-01 04:59:15,287 INFO  [Thread-2] o.s.s.c.ExecutorConfigurationSupport: Shutting down ExecutorService 'applicationTaskExecutor'
2023-10-01 04:59:15,391 INFO  [Thread-2] o.s.o.j.AbstractEntityManagerFactoryBean: Closing JPA EntityManagerFactory for persistence unit 'default'
2023-10-01 04:59:15,499 INFO  [Thread-2] c.z.h.HikariDataSource: HikariPool-1 - Shutdown initiated...
2023-10-01 04:59:15,608 INFO  [Thread-2] c.z.h.HikariDataSource: HikariPool-1 - Shutdown completed.
[INFO] 
[INFO] Results:
[INFO] 
[INFO] Tests run: 21, Failures: 0, Errors: 0, Skipped: 0
[INFO] 
[INFO] 
[INFO] --- maven-war-plugin:3.2.2:war (default-war) @ auth-course ---
[INFO] Packaging webapp
[INFO] Assembling webapp [auth-course] in [/var/jenkins_home/workspace/udacity-eCommerce/starter_code/target/auth-course-0.0.1-SNAPSHOT]
[INFO] Processing war project
[INFO] Webapp assembled in [1330 msecs]
[INFO] Building war: /var/jenkins_home/workspace/udacity-eCommerce/starter_code/target/auth-course-0.0.1-SNAPSHOT.war
[INFO] 
[INFO] --- spring-boot-maven-plugin:2.1.5.RELEASE:repackage (repackage) @ auth-course ---
[INFO] Replacing main artifact with repackaged archive
[INFO] ------------------------------------------------------------------------
[INFO] BUILD SUCCESS
[INFO] ------------------------------------------------------------------------
[INFO] Total time:  02:02 min
[INFO] Finished at: 2023-10-01T04:59:35Z
[INFO] ------------------------------------------------------------------------
[DeployPublisher][INFO] Attempting to deploy 1 war file(s)
[DeployPublisher][INFO] Deploying /var/jenkins_home/workspace/udacity-eCommerce/starter_code/target/auth-course-0.0.1-SNAPSHOT.war to container Tomcat 9.x Remote with context myApp
  Redeploying [/var/jenkins_home/workspace/udacity-eCommerce/starter_code/target/auth-course-0.0.1-SNAPSHOT.war]
  Undeploying [/var/jenkins_home/workspace/udacity-eCommerce/starter_code/target/auth-course-0.0.1-SNAPSHOT.war]
  Deploying [/var/jenkins_home/workspace/udacity-eCommerce/starter_code/target/auth-course-0.0.1-SNAPSHOT.war]
Finished: SUCCESS
